<?xml version="1.0" encoding="UTF-8"?>
<!-- Generated by org.testng.reporters.JUnitXMLReporter -->
<testsuite hostname="192.168.1.2" failures="1" tests="3" name="Test Automation" time="117.184" errors="0" timestamp="5 Feb 2023 11:06:11 GMT">
  <testcase classname="testCases.VerifyUserCanAddPayGrades" name="addPayGradeFlow" time="28.911">
    <skipped/>
  </testcase> <!-- addPayGradeFlow -->
  <testcase classname="testCases.VerifyUserCanAddPayGrades" name="addPayGradeFlow" time="29.057">
    <failure type="org.openqa.selenium.NoSuchElementException" message="no such element: Unable to locate element: {&amp;quot;method&amp;quot;:&amp;quot;xpath&amp;quot;,&amp;quot;selector&amp;quot;:&amp;quot;//*[text()=&amp;quot;Currencies&amp;quot;]/parent::div//button&amp;quot;}
  (Session info: chrome=109.0.5414.119)
For documentation on this error, please visit: http://seleniumhq.org/exceptions/no_such_element.html
Build info: version: &amp;apos;3.8.1&amp;apos;, revision: &amp;apos;6e95a6684b&amp;apos;, time: &amp;apos;2017-12-01T18:33:54.468Z&amp;apos;
System info: host: &amp;apos;192.168.1.2&amp;apos;, ip: &amp;apos;192.168.1.2&amp;apos;, os.name: &amp;apos;Mac OS X&amp;apos;, os.arch: &amp;apos;x86_64&amp;apos;, os.version: &amp;apos;12.0.1&amp;apos;, java.version: &amp;apos;17.0.3&amp;apos;
Driver info: org.openqa.selenium.chrome.ChromeDriver
Capabilities {acceptInsecureCerts: false, browserName: chrome, browserVersion: 109.0.5414.119, chrome: {chromedriverVersion: 108.0.5359.71 (1e0e3868ee06..., userDataDir: /var/folders/8d/48hy6lmd6ql...}, goog:chromeOptions: {debuggerAddress: localhost:51142}, javascriptEnabled: true, networkConnectionEnabled: false, pageLoadStrategy: normal, platform: MAC, platformName: MAC, proxy: Proxy(), setWindowRect: true, strictFileInteractability: false, timeouts: {implicit: 0, pageLoad: 300000, script: 30000}, unhandledPromptBehavior: dismiss and notify, webauthn:extension:credBlob: true, webauthn:extension:largeBlob: true, webauthn:virtualAuthenticators: true}
Session ID: 581a3c90e45a413d2f9476e325535c5a
*** Element info: {Using=xpath, value=//*[text()=&amp;quot;Currencies&amp;quot;]/parent::div//button}">
      <![CDATA[org.openqa.selenium.NoSuchElementException: no such element: Unable to locate element: {"method":"xpath","selector":"//*[text()="Currencies"]/parent::div//button"}
  (Session info: chrome=109.0.5414.119)
For documentation on this error, please visit: http://seleniumhq.org/exceptions/no_such_element.html
Build info: version: '3.8.1', revision: '6e95a6684b', time: '2017-12-01T18:33:54.468Z'
System info: host: '192.168.1.2', ip: '192.168.1.2', os.name: 'Mac OS X', os.arch: 'x86_64', os.version: '12.0.1', java.version: '17.0.3'
Driver info: org.openqa.selenium.chrome.ChromeDriver
Capabilities {acceptInsecureCerts: false, browserName: chrome, browserVersion: 109.0.5414.119, chrome: {chromedriverVersion: 108.0.5359.71 (1e0e3868ee06..., userDataDir: /var/folders/8d/48hy6lmd6ql...}, goog:chromeOptions: {debuggerAddress: localhost:51142}, javascriptEnabled: true, networkConnectionEnabled: false, pageLoadStrategy: normal, platform: MAC, platformName: MAC, proxy: Proxy(), setWindowRect: true, strictFileInteractability: false, timeouts: {implicit: 0, pageLoad: 300000, script: 30000}, unhandledPromptBehavior: dismiss and notify, webauthn:extension:credBlob: true, webauthn:extension:largeBlob: true, webauthn:virtualAuthenticators: true}
Session ID: 581a3c90e45a413d2f9476e325535c5a
*** Element info: {Using=xpath, value=//*[text()="Currencies"]/parent::div//button}
	at org.openqa.selenium.remote.http.W3CHttpResponseCodec.createException(W3CHttpResponseCodec.java:187)
	at org.openqa.selenium.remote.http.W3CHttpResponseCodec.decode(W3CHttpResponseCodec.java:122)
	at org.openqa.selenium.remote.http.W3CHttpResponseCodec.decode(W3CHttpResponseCodec.java:49)
	at org.openqa.selenium.remote.HttpCommandExecutor.execute(HttpCommandExecutor.java:164)
	at org.openqa.selenium.remote.service.DriverCommandExecutor.execute(DriverCommandExecutor.java:83)
	at org.openqa.selenium.remote.RemoteWebDriver.execute(RemoteWebDriver.java:601)
	at org.openqa.selenium.remote.RemoteWebDriver.findElement(RemoteWebDriver.java:371)
	at org.openqa.selenium.remote.RemoteWebDriver.findElementByXPath(RemoteWebDriver.java:473)
	at org.openqa.selenium.By$ByXPath.findElement(By.java:361)
	at org.openqa.selenium.remote.RemoteWebDriver.findElement(RemoteWebDriver.java:363)
	at utils.ElementFetch.getWebElement(ElementFetch.java:20)
	at pageActions.CommonActions.getElement(CommonActions.java:15)
	at pageActions.CommonActions.clickElement(CommonActions.java:44)
	at pageActions.PayGradesPageActions.clickAddButtonForCurrencies(PayGradesPageActions.java:47)
	at testCases.VerifyUserCanAddPayGrades.addPayGradeFlow(VerifyUserCanAddPayGrades.java:29)
... Removed 29 stack frames]]>
    </failure>
  </testcase> <!-- addPayGradeFlow -->
  <testcase classname="testCases.SearchWithPartialText" name="searchFlow" time="23.051"/>
</testsuite> <!-- Test Automation -->
